x{"error":{},"level":"error","message":"this.logger.info is not a function","stack":["TypeError: this.logger.info is not a function\n    at <anonymous> (C:\\Users\\sadug\\WebstormProjects\\nest-microservices-rabbitmq\\src\\services\\caller\\caller.service.ts:31:24)\n    at process.processTicksAndRejections (node:internal/process/task_queues:95:5)"],"timestamp":"2024-10-12T13:57:32.586Z"}
{"error":{},"level":"error","message":"this.logger.info is not a function","stack":["TypeError: this.logger.info is not a function\n    at <anonymous> (C:\\Users\\sadug\\WebstormProjects\\nest-microservices-rabbitmq\\src\\services\\caller\\caller.service.ts:31:24)\n    at process.processTicksAndRejections (node:internal/process/task_queues:95:5)"],"timestamp":"2024-10-12T13:57:33.887Z"}
{"error":{},"level":"error","message":"this.logger.info is not a function","stack":["TypeError: this.logger.info is not a function\n    at <anonymous> (C:\\Users\\sadug\\WebstormProjects\\nest-microservices-rabbitmq\\src\\services\\caller\\caller.service.ts:31:24)\n    at process.processTicksAndRejections (node:internal/process/task_queues:95:5)"],"timestamp":"2024-10-12T13:57:34.980Z"}
{"error":{},"level":"error","message":"this.logger.info is not a function","stack":["TypeError: this.logger.info is not a function\n    at <anonymous> (C:\\Users\\sadug\\WebstormProjects\\nest-microservices-rabbitmq\\src\\services\\caller\\caller.service.ts:31:24)\n    at process.processTicksAndRejections (node:internal/process/task_queues:95:5)"],"timestamp":"2024-10-12T13:57:36.287Z"}
{"error":{},"level":"error","message":"this.logger.info is not a function","stack":["TypeError: this.logger.info is not a function\n    at <anonymous> (C:\\Users\\sadug\\WebstormProjects\\nest-microservices-rabbitmq\\src\\services\\caller\\caller.service.ts:31:24)\n    at process.processTicksAndRejections (node:internal/process/task_queues:95:5)"],"timestamp":"2024-10-12T13:57:37.499Z"}
{"error":{},"level":"error","message":"this.logger.info is not a function","stack":["TypeError: this.logger.info is not a function\n    at <anonymous> (C:\\Users\\sadug\\WebstormProjects\\nest-microservices-rabbitmq\\src\\services\\caller\\caller.service.ts:31:24)\n    at process.processTicksAndRejections (node:internal/process/task_queues:95:5)"],"timestamp":"2024-10-12T13:57:38.609Z"}
{"error":{},"level":"error","message":"this.logger.info is not a function","stack":["TypeError: this.logger.info is not a function\n    at <anonymous> (C:\\Users\\sadug\\WebstormProjects\\nest-microservices-rabbitmq\\src\\services\\caller\\caller.service.ts:31:24)\n    at process.processTicksAndRejections (node:internal/process/task_queues:95:5)"],"timestamp":"2024-10-12T13:57:39.816Z"}
{"error":{},"level":"error","message":"this.logger.info is not a function","stack":["TypeError: this.logger.info is not a function\n    at <anonymous> (C:\\Users\\sadug\\WebstormProjects\\nest-microservices-rabbitmq\\src\\services\\caller\\caller.service.ts:31:24)\n    at process.processTicksAndRejections (node:internal/process/task_queues:95:5)"],"timestamp":"2024-10-12T13:57:41.124Z"}
{"error":{},"level":"error","message":"this.logger.info is not a function","stack":["TypeError: this.logger.info is not a function\n    at <anonymous> (C:\\Users\\sadug\\WebstormProjects\\nest-microservices-rabbitmq\\src\\services\\caller\\caller.service.ts:31:24)\n    at process.processTicksAndRejections (node:internal/process/task_queues:95:5)"],"timestamp":"2024-10-12T13:57:42.319Z"}
{"error":{},"level":"error","message":"this.logger.info is not a function","stack":["TypeError: this.logger.info is not a function\n    at <anonymous> (C:\\Users\\sadug\\WebstormProjects\\nest-microservices-rabbitmq\\src\\services\\caller\\caller.service.ts:31:24)\n    at process.processTicksAndRejections (node:internal/process/task_queues:95:5)"],"timestamp":"2024-10-12T13:57:43.537Z"}
{"error":{},"level":"error","message":"this.logger.info is not a function","stack":["TypeError: this.logger.info is not a function\n    at <anonymous> (C:\\Users\\sadug\\WebstormProjects\\nest-microservices-rabbitmq\\src\\services\\caller\\caller.service.ts:31:24)\n    at process.processTicksAndRejections (node:internal/process/task_queues:95:5)"],"timestamp":"2024-10-12T13:57:44.759Z"}
{"error":{},"level":"error","message":"this.logger.info is not a function","stack":["TypeError: this.logger.info is not a function\n    at <anonymous> (C:\\Users\\sadug\\WebstormProjects\\nest-microservices-rabbitmq\\src\\services\\caller\\caller.service.ts:31:24)\n    at process.processTicksAndRejections (node:internal/process/task_queues:95:5)"],"timestamp":"2024-10-12T13:57:45.956Z"}
{"error":{},"level":"error","message":"this.logger.info is not a function","stack":["TypeError: this.logger.info is not a function\n    at <anonymous> (C:\\Users\\sadug\\WebstormProjects\\nest-microservices-rabbitmq\\src\\services\\caller\\caller.service.ts:31:24)\n    at process.processTicksAndRejections (node:internal/process/task_queues:95:5)"],"timestamp":"2024-10-12T13:57:47.075Z"}
{"error":{},"level":"error","message":"this.logger.info is not a function","stack":["TypeError: this.logger.info is not a function\n    at <anonymous> (C:\\Users\\sadug\\WebstormProjects\\nest-microservices-rabbitmq\\src\\services\\caller\\caller.service.ts:31:24)\n    at process.processTicksAndRejections (node:internal/process/task_queues:95:5)"],"timestamp":"2024-10-12T13:57:48.293Z"}
{"error":{},"level":"error","message":"this.logger.info is not a function","stack":["TypeError: this.logger.info is not a function\n    at <anonymous> (C:\\Users\\sadug\\WebstormProjects\\nest-microservices-rabbitmq\\src\\services\\caller\\caller.service.ts:31:24)\n    at process.processTicksAndRejections (node:internal/process/task_queues:95:5)"],"timestamp":"2024-10-12T13:57:49.505Z"}
{"error":{},"level":"error","message":"this.logger.info is not a function","stack":["TypeError: this.logger.info is not a function\n    at <anonymous> (C:\\Users\\sadug\\WebstormProjects\\nest-microservices-rabbitmq\\src\\services\\caller\\caller.service.ts:31:24)\n    at process.processTicksAndRejections (node:internal/process/task_queues:95:5)"],"timestamp":"2024-10-12T13:57:50.797Z"}
{"error":{},"level":"error","message":"this.logger.info is not a function","stack":["TypeError: this.logger.info is not a function\n    at <anonymous> (C:\\Users\\sadug\\WebstormProjects\\nest-microservices-rabbitmq\\src\\services\\caller\\caller.service.ts:31:24)\n    at process.processTicksAndRejections (node:internal/process/task_queues:95:5)"],"timestamp":"2024-10-12T13:57:51.920Z"}
{"error":{},"level":"error","message":"this.logger.info is not a function","stack":["TypeError: this.logger.info is not a function\n    at <anonymous> (C:\\Users\\sadug\\WebstormProjects\\nest-microservices-rabbitmq\\src\\services\\caller\\caller.service.ts:31:24)\n    at process.processTicksAndRejections (node:internal/process/task_queues:95:5)"],"timestamp":"2024-10-12T13:57:53.128Z"}
{"error":{},"level":"error","message":"this.logger.info is not a function","stack":["TypeError: this.logger.info is not a function\n    at <anonymous> (C:\\Users\\sadug\\WebstormProjects\\nest-microservices-rabbitmq\\src\\services\\caller\\caller.service.ts:31:24)\n    at process.processTicksAndRejections (node:internal/process/task_queues:95:5)"],"timestamp":"2024-10-12T13:57:54.423Z"}
{"error":{},"level":"error","message":"this.logger.info is not a function","stack":["TypeError: this.logger.info is not a function\n    at <anonymous> (C:\\Users\\sadug\\WebstormProjects\\nest-microservices-rabbitmq\\src\\services\\caller\\caller.service.ts:31:24)\n    at process.processTicksAndRejections (node:internal/process/task_queues:95:5)"],"timestamp":"2024-10-12T13:57:55.643Z"}
{"error":{},"level":"error","message":"this.logger.info is not a function","stack":["TypeError: this.logger.info is not a function\n    at <anonymous> (C:\\Users\\sadug\\WebstormProjects\\nest-microservices-rabbitmq\\src\\services\\caller\\caller.service.ts:31:24)\n    at process.processTicksAndRejections (node:internal/process/task_queues:95:5)"],"timestamp":"2024-10-12T13:57:56.768Z"}
{"error":{},"level":"error","message":"this.logger.info is not a function","stack":["TypeError: this.logger.info is not a function\n    at <anonymous> (C:\\Users\\sadug\\WebstormProjects\\nest-microservices-rabbitmq\\src\\services\\caller\\caller.service.ts:31:24)\n    at process.processTicksAndRejections (node:internal/process/task_queues:95:5)"],"timestamp":"2024-10-12T13:57:58.068Z"}
{"error":{},"level":"error","message":"this.logger.info is not a function","stack":["TypeError: this.logger.info is not a function\n    at <anonymous> (C:\\Users\\sadug\\WebstormProjects\\nest-microservices-rabbitmq\\src\\services\\caller\\caller.service.ts:31:24)\n    at process.processTicksAndRejections (node:internal/process/task_queues:95:5)"],"timestamp":"2024-10-12T13:57:59.186Z"}
{"error":{},"level":"error","message":"this.logger.info is not a function","stack":["TypeError: this.logger.info is not a function\n    at <anonymous> (C:\\Users\\sadug\\WebstormProjects\\nest-microservices-rabbitmq\\src\\services\\caller\\caller.service.ts:31:24)\n    at process.processTicksAndRejections (node:internal/process/task_queues:95:5)"],"timestamp":"2024-10-12T13:58:00.471Z"}
{"error":{},"level":"error","message":"this.logger.info is not a function","stack":["TypeError: this.logger.info is not a function\n    at <anonymous> (C:\\Users\\sadug\\WebstormProjects\\nest-microservices-rabbitmq\\src\\services\\caller\\caller.service.ts:31:24)\n    at process.processTicksAndRejections (node:internal/process/task_queues:95:5)"],"timestamp":"2024-10-12T13:58:01.595Z"}
{"error":{},"level":"error","message":"this.logger.info is not a function","stack":["TypeError: this.logger.info is not a function\n    at <anonymous> (C:\\Users\\sadug\\WebstormProjects\\nest-microservices-rabbitmq\\src\\services\\caller\\caller.service.ts:31:24)\n    at process.processTicksAndRejections (node:internal/process/task_queues:95:5)"],"timestamp":"2024-10-12T13:58:02.806Z"}
{"error":{},"level":"error","message":"this.logger.info is not a function","stack":["TypeError: this.logger.info is not a function\n    at <anonymous> (C:\\Users\\sadug\\WebstormProjects\\nest-microservices-rabbitmq\\src\\services\\caller\\caller.service.ts:31:24)\n    at process.processTicksAndRejections (node:internal/process/task_queues:95:5)"],"timestamp":"2024-10-12T13:58:04.109Z"}
{"error":{},"level":"error","message":"this.logger.info is not a function","stack":["TypeError: this.logger.info is not a function\n    at <anonymous> (C:\\Users\\sadug\\WebstormProjects\\nest-microservices-rabbitmq\\src\\services\\caller\\caller.service.ts:31:24)\n    at process.processTicksAndRejections (node:internal/process/task_queues:95:5)"],"timestamp":"2024-10-12T13:58:05.236Z"}
{"error":{},"level":"error","message":"this.logger.info is not a function","stack":["TypeError: this.logger.info is not a function\n    at <anonymous> (C:\\Users\\sadug\\WebstormProjects\\nest-microservices-rabbitmq\\src\\services\\caller\\caller.service.ts:31:24)\n    at process.processTicksAndRejections (node:internal/process/task_queues:95:5)"],"timestamp":"2024-10-12T13:58:06.524Z"}
{"error":{},"level":"error","message":"this.logger.info is not a function","stack":["TypeError: this.logger.info is not a function\n    at <anonymous> (C:\\Users\\sadug\\WebstormProjects\\nest-microservices-rabbitmq\\src\\services\\caller\\caller.service.ts:31:24)\n    at process.processTicksAndRejections (node:internal/process/task_queues:95:5)"],"timestamp":"2024-10-12T13:58:07.644Z"}
{"error":{},"level":"error","message":"this.logger.info is not a function","stack":["TypeError: this.logger.info is not a function\n    at <anonymous> (C:\\Users\\sadug\\WebstormProjects\\nest-microservices-rabbitmq\\src\\services\\caller\\caller.service.ts:31:24)\n    at process.processTicksAndRejections (node:internal/process/task_queues:95:5)"],"timestamp":"2024-10-12T13:58:08.857Z"}
{"error":{},"level":"error","message":"this.logger.info is not a function","stack":["TypeError: this.logger.info is not a function\n    at <anonymous> (C:\\Users\\sadug\\WebstormProjects\\nest-microservices-rabbitmq\\src\\services\\caller\\caller.service.ts:31:24)\n    at process.processTicksAndRejections (node:internal/process/task_queues:95:5)"],"timestamp":"2024-10-12T13:58:10.068Z"}
{"error":{},"level":"error","message":"this.logger.info is not a function","stack":["TypeError: this.logger.info is not a function\n    at <anonymous> (C:\\Users\\sadug\\WebstormProjects\\nest-microservices-rabbitmq\\src\\services\\caller\\caller.service.ts:31:24)\n    at process.processTicksAndRejections (node:internal/process/task_queues:95:5)"],"timestamp":"2024-10-12T13:58:11.285Z"}
{"error":{},"level":"error","message":"this.logger.info is not a function","stack":["TypeError: this.logger.info is not a function\n    at <anonymous> (C:\\Users\\sadug\\WebstormProjects\\nest-microservices-rabbitmq\\src\\services\\caller\\caller.service.ts:31:24)\n    at process.processTicksAndRejections (node:internal/process/task_queues:95:5)"],"timestamp":"2024-10-12T13:58:12.497Z"}
{"error":{},"level":"error","message":"this.logger.info is not a function","stack":["TypeError: this.logger.info is not a function\n    at <anonymous> (C:\\Users\\sadug\\WebstormProjects\\nest-microservices-rabbitmq\\src\\services\\caller\\caller.service.ts:31:24)\n    at process.processTicksAndRejections (node:internal/process/task_queues:95:5)"],"timestamp":"2024-10-12T13:58:13.712Z"}
{"error":{},"level":"error","message":"this.logger.info is not a function","stack":["TypeError: this.logger.info is not a function\n    at <anonymous> (C:\\Users\\sadug\\WebstormProjects\\nest-microservices-rabbitmq\\src\\services\\caller\\caller.service.ts:31:24)\n    at process.processTicksAndRejections (node:internal/process/task_queues:95:5)"],"timestamp":"2024-10-12T13:58:15.020Z"}
{"error":{},"level":"error","message":"this.logger.info is not a function","stack":["TypeError: this.logger.info is not a function\n    at <anonymous> (C:\\Users\\sadug\\WebstormProjects\\nest-microservices-rabbitmq\\src\\services\\caller\\caller.service.ts:31:24)\n    at process.processTicksAndRejections (node:internal/process/task_queues:95:5)"],"timestamp":"2024-10-12T13:58:16.129Z"}
{"error":{},"level":"error","message":"this.logger.info is not a function","stack":["TypeError: this.logger.info is not a function\n    at <anonymous> (C:\\Users\\sadug\\WebstormProjects\\nest-microservices-rabbitmq\\src\\services\\caller\\caller.service.ts:31:24)\n    at process.processTicksAndRejections (node:internal/process/task_queues:95:5)"],"timestamp":"2024-10-12T13:58:17.347Z"}
{"error":{},"level":"error","message":"this.logger.info is not a function","stack":["TypeError: this.logger.info is not a function\n    at <anonymous> (C:\\Users\\sadug\\WebstormProjects\\nest-microservices-rabbitmq\\src\\services\\caller\\caller.service.ts:31:24)\n    at process.processTicksAndRejections (node:internal/process/task_queues:95:5)"],"timestamp":"2024-10-12T13:58:18.539Z"}
{"error":{},"level":"error","message":"this.logger.info is not a function","stack":["TypeError: this.logger.info is not a function\n    at <anonymous> (C:\\Users\\sadug\\WebstormProjects\\nest-microservices-rabbitmq\\src\\services\\caller\\caller.service.ts:31:24)\n    at process.processTicksAndRejections (node:internal/process/task_queues:95:5)"],"timestamp":"2024-10-12T13:58:19.835Z"}
{"error":{},"level":"error","message":"this.logger.info is not a function","stack":["TypeError: this.logger.info is not a function\n    at <anonymous> (C:\\Users\\sadug\\WebstormProjects\\nest-microservices-rabbitmq\\src\\services\\caller\\caller.service.ts:31:24)\n    at process.processTicksAndRejections (node:internal/process/task_queues:95:5)"],"timestamp":"2024-10-12T13:58:20.955Z"}
{"error":{},"level":"error","message":"this.logger.info is not a function","stack":["TypeError: this.logger.info is not a function\n    at <anonymous> (C:\\Users\\sadug\\WebstormProjects\\nest-microservices-rabbitmq\\src\\services\\caller\\caller.service.ts:31:24)\n    at process.processTicksAndRejections (node:internal/process/task_queues:95:5)"],"timestamp":"2024-10-12T13:58:22.159Z"}
{"error":{},"level":"error","message":"this.logger.info is not a function","stack":["TypeError: this.logger.info is not a function\n    at <anonymous> (C:\\Users\\sadug\\WebstormProjects\\nest-microservices-rabbitmq\\src\\services\\caller\\caller.service.ts:31:24)\n    at process.processTicksAndRejections (node:internal/process/task_queues:95:5)"],"timestamp":"2024-10-12T13:58:23.381Z"}
{"error":{},"level":"error","message":"this.logger.info is not a function","stack":["TypeError: this.logger.info is not a function\n    at <anonymous> (C:\\Users\\sadug\\WebstormProjects\\nest-microservices-rabbitmq\\src\\services\\caller\\caller.service.ts:31:24)\n    at process.processTicksAndRejections (node:internal/process/task_queues:95:5)"],"timestamp":"2024-10-12T13:58:24.591Z"}
{"error":{},"level":"error","message":"this.logger.info is not a function","stack":["TypeError: this.logger.info is not a function\n    at <anonymous> (C:\\Users\\sadug\\WebstormProjects\\nest-microservices-rabbitmq\\src\\services\\caller\\caller.service.ts:31:24)\n    at process.processTicksAndRejections (node:internal/process/task_queues:95:5)"],"timestamp":"2024-10-12T13:58:25.805Z"}
{"error":{},"level":"error","message":"this.logger.info is not a function","stack":["TypeError: this.logger.info is not a function\n    at <anonymous> (C:\\Users\\sadug\\WebstormProjects\\nest-microservices-rabbitmq\\src\\services\\caller\\caller.service.ts:31:24)\n    at process.processTicksAndRejections (node:internal/process/task_queues:95:5)"],"timestamp":"2024-10-12T13:58:27.005Z"}
{"error":{},"level":"error","message":"this.logger.info is not a function","stack":["TypeError: this.logger.info is not a function\n    at <anonymous> (C:\\Users\\sadug\\WebstormProjects\\nest-microservices-rabbitmq\\src\\services\\caller\\caller.service.ts:31:24)\n    at process.processTicksAndRejections (node:internal/process/task_queues:95:5)"],"timestamp":"2024-10-12T13:58:28.224Z"}
{"error":{},"level":"error","message":"this.logger.info is not a function","stack":["TypeError: this.logger.info is not a function\n    at <anonymous> (C:\\Users\\sadug\\WebstormProjects\\nest-microservices-rabbitmq\\src\\services\\caller\\caller.service.ts:31:24)\n    at process.processTicksAndRejections (node:internal/process/task_queues:95:5)"],"timestamp":"2024-10-12T13:58:29.424Z"}
{"error":{},"level":"error","message":"this.logger.info is not a function","stack":["TypeError: this.logger.info is not a function\n    at <anonymous> (C:\\Users\\sadug\\WebstormProjects\\nest-microservices-rabbitmq\\src\\services\\caller\\caller.service.ts:31:24)\n    at process.processTicksAndRejections (node:internal/process/task_queues:95:5)"],"timestamp":"2024-10-12T13:58:30.631Z"}
{"error":{},"level":"error","message":"this.logger.info is not a function","stack":["TypeError: this.logger.info is not a function\n    at <anonymous> (C:\\Users\\sadug\\WebstormProjects\\nest-microservices-rabbitmq\\src\\services\\caller\\caller.service.ts:31:24)\n    at process.processTicksAndRejections (node:internal/process/task_queues:95:5)"],"timestamp":"2024-10-12T13:58:31.836Z"}
{"error":{},"level":"error","message":"this.logger.info is not a function","stack":["TypeError: this.logger.info is not a function\n    at <anonymous> (C:\\Users\\sadug\\WebstormProjects\\nest-microservices-rabbitmq\\src\\services\\caller\\caller.service.ts:31:24)\n    at process.processTicksAndRejections (node:internal/process/task_queues:95:5)"],"timestamp":"2024-10-12T13:58:33.051Z"}
{"error":{},"level":"error","message":"this.logger.info is not a function","stack":["TypeError: this.logger.info is not a function\n    at <anonymous> (C:\\Users\\sadug\\WebstormProjects\\nest-microservices-rabbitmq\\src\\services\\caller\\caller.service.ts:31:24)\n    at process.processTicksAndRejections (node:internal/process/task_queues:95:5)"],"timestamp":"2024-10-12T13:58:34.254Z"}
{"error":{},"level":"error","message":"this.logger.info is not a function","stack":["TypeError: this.logger.info is not a function\n    at <anonymous> (C:\\Users\\sadug\\WebstormProjects\\nest-microservices-rabbitmq\\src\\services\\caller\\caller.service.ts:31:24)\n    at process.processTicksAndRejections (node:internal/process/task_queues:95:5)"],"timestamp":"2024-10-12T13:58:35.568Z"}
{"error":{},"level":"error","message":"this.logger.info is not a function","stack":["TypeError: this.logger.info is not a function\n    at <anonymous> (C:\\Users\\sadug\\WebstormProjects\\nest-microservices-rabbitmq\\src\\services\\caller\\caller.service.ts:31:24)\n    at process.processTicksAndRejections (node:internal/process/task_queues:95:5)"],"timestamp":"2024-10-12T13:58:36.753Z"}
{"error":{},"level":"error","message":"this.logger.info is not a function","stack":["TypeError: this.logger.info is not a function\n    at <anonymous> (C:\\Users\\sadug\\WebstormProjects\\nest-microservices-rabbitmq\\src\\services\\caller\\caller.service.ts:31:24)\n    at process.processTicksAndRejections (node:internal/process/task_queues:95:5)"],"timestamp":"2024-10-12T13:58:37.877Z"}
{"error":{},"level":"error","message":"this.logger.info is not a function","stack":["TypeError: this.logger.info is not a function\n    at <anonymous> (C:\\Users\\sadug\\WebstormProjects\\nest-microservices-rabbitmq\\src\\services\\caller\\caller.service.ts:31:24)\n    at process.processTicksAndRejections (node:internal/process/task_queues:95:5)"],"timestamp":"2024-10-12T13:58:39.092Z"}
{"error":{},"level":"error","message":"this.logger.info is not a function","stack":["TypeError: this.logger.info is not a function\n    at <anonymous> (C:\\Users\\sadug\\WebstormProjects\\nest-microservices-rabbitmq\\src\\services\\caller\\caller.service.ts:31:24)\n    at process.processTicksAndRejections (node:internal/process/task_queues:95:5)"],"timestamp":"2024-10-12T13:58:40.299Z"}
{"error":{},"level":"error","message":"this.logger.info is not a function","stack":["TypeError: this.logger.info is not a function\n    at <anonymous> (C:\\Users\\sadug\\WebstormProjects\\nest-microservices-rabbitmq\\src\\services\\caller\\caller.service.ts:31:24)\n    at process.processTicksAndRejections (node:internal/process/task_queues:95:5)"],"timestamp":"2024-10-12T13:58:41.602Z"}
{"error":{},"level":"error","message":"this.logger.info is not a function","stack":["TypeError: this.logger.info is not a function\n    at <anonymous> (C:\\Users\\sadug\\WebstormProjects\\nest-microservices-rabbitmq\\src\\services\\caller\\caller.service.ts:31:24)\n    at process.processTicksAndRejections (node:internal/process/task_queues:95:5)"],"timestamp":"2024-10-12T14:02:00.895Z"}
{"error":{},"level":"error","message":"this.logger.info is not a function","stack":["TypeError: this.logger.info is not a function\n    at <anonymous> (C:\\Users\\sadug\\WebstormProjects\\nest-microservices-rabbitmq\\src\\services\\caller\\caller.service.ts:31:24)\n    at process.processTicksAndRejections (node:internal/process/task_queues:95:5)"],"timestamp":"2024-10-12T14:02:02.058Z"}
{"error":{},"level":"error","message":"this.logger.info is not a function","stack":["TypeError: this.logger.info is not a function\n    at <anonymous> (C:\\Users\\sadug\\WebstormProjects\\nest-microservices-rabbitmq\\src\\services\\caller\\caller.service.ts:31:24)\n    at process.processTicksAndRejections (node:internal/process/task_queues:95:5)"],"timestamp":"2024-10-12T14:02:03.190Z"}
{"error":{},"level":"error","message":"this.logger.info is not a function","stack":["TypeError: this.logger.info is not a function\n    at <anonymous> (C:\\Users\\sadug\\WebstormProjects\\nest-microservices-rabbitmq\\src\\services\\caller\\caller.service.ts:31:24)\n    at process.processTicksAndRejections (node:internal/process/task_queues:95:5)"],"timestamp":"2024-10-12T14:02:04.399Z"}
{"error":{},"level":"error","message":"this.logger.info is not a function","stack":["TypeError: this.logger.info is not a function\n    at <anonymous> (C:\\Users\\sadug\\WebstormProjects\\nest-microservices-rabbitmq\\src\\services\\caller\\caller.service.ts:31:24)\n    at process.processTicksAndRejections (node:internal/process/task_queues:95:5)"],"timestamp":"2024-10-12T14:02:05.694Z"}
{"error":{},"level":"error","message":"this.logger.info is not a function","stack":["TypeError: this.logger.info is not a function\n    at <anonymous> (C:\\Users\\sadug\\WebstormProjects\\nest-microservices-rabbitmq\\src\\services\\caller\\caller.service.ts:31:24)\n    at process.processTicksAndRejections (node:internal/process/task_queues:95:5)"],"timestamp":"2024-10-12T14:02:06.884Z"}
{"error":{},"level":"error","message":"this.logger.info is not a function","stack":["TypeError: this.logger.info is not a function\n    at <anonymous> (C:\\Users\\sadug\\WebstormProjects\\nest-microservices-rabbitmq\\src\\services\\caller\\caller.service.ts:31:24)\n    at process.processTicksAndRejections (node:internal/process/task_queues:95:5)"],"timestamp":"2024-10-12T14:02:08.006Z"}
{"error":{},"level":"error","message":"this.logger.info is not a function","stack":["TypeError: this.logger.info is not a function\n    at <anonymous> (C:\\Users\\sadug\\WebstormProjects\\nest-microservices-rabbitmq\\src\\services\\caller\\caller.service.ts:31:24)\n    at process.processTicksAndRejections (node:internal/process/task_queues:95:5)"],"timestamp":"2024-10-12T14:02:09.229Z"}
{"error":{},"level":"error","message":"this.logger.info is not a function","stack":["TypeError: this.logger.info is not a function\n    at <anonymous> (C:\\Users\\sadug\\WebstormProjects\\nest-microservices-rabbitmq\\src\\services\\caller\\caller.service.ts:31:24)\n    at process.processTicksAndRejections (node:internal/process/task_queues:95:5)"],"timestamp":"2024-10-12T14:02:10.435Z"}
{"level":"error","message":"/wallets:id","stack":[{}],"timestamp":"2024-10-12T14:07:44.602Z"}
{"level":"error","message":"/wallets/top-tokens/","stack":[{}],"timestamp":"2024-10-12T14:07:45.797Z"}
{"level":"error","message":"/wallets/top-tokens/","stack":[{}],"timestamp":"2024-10-12T14:07:47.005Z"}
{"level":"error","message":"/wallets:id","stack":[{}],"timestamp":"2024-10-12T14:07:48.207Z"}
{"level":"error","message":"/wallets/top-tokens/","stack":[{}],"timestamp":"2024-10-12T14:07:49.413Z"}
{"level":"error","message":"/wallets:id","stack":[{}],"timestamp":"2024-10-12T14:07:50.629Z"}
{"level":"error","message":"/wallets","stack":[{}],"timestamp":"2024-10-12T14:07:51.952Z"}
{"level":"error","message":"/wallets:id","stack":[{}],"timestamp":"2024-10-12T14:07:53.075Z"}
{"level":"error","message":"/wallets","stack":[{}],"timestamp":"2024-10-12T14:07:54.350Z"}
{"level":"error","message":"/wallets/top-tokens/","stack":[{}],"timestamp":"2024-10-12T14:07:55.462Z"}
{"level":"error","message":"/wallets:id","stack":[{}],"timestamp":"2024-10-12T14:07:56.671Z"}
{"level":"error","message":"/wallets/top-tokens/","stack":[{}],"timestamp":"2024-10-12T14:07:57.888Z"}
{"level":"error","message":"/wallets:id","stack":[{}],"timestamp":"2024-10-12T14:07:59.096Z"}
{"level":"error","message":"/wallets:id","stack":[{}],"timestamp":"2024-10-12T14:08:00.314Z"}
{"level":"error","message":"/wallets:id","stack":[{}],"timestamp":"2024-10-12T14:08:01.516Z"}
{"level":"error","message":"/wallets","stack":[{}],"timestamp":"2024-10-12T14:08:02.836Z"}
{"level":"error","message":"/wallets/top-tokens/","stack":[{}],"timestamp":"2024-10-12T14:08:03.941Z"}
{"level":"error","message":"/wallets:id","stack":[{}],"timestamp":"2024-10-12T14:08:05.156Z"}
{"level":"error","message":"/wallets","stack":[{}],"timestamp":"2024-10-12T14:08:06.457Z"}
{"level":"error","message":"/wallets:id","stack":[{}],"timestamp":"2024-10-12T14:08:07.583Z"}
{"level":"error","message":"/wallets","stack":[{}],"timestamp":"2024-10-12T14:08:08.874Z"}
{"level":"error","message":"/wallets/top-tokens/","stack":[{}],"timestamp":"2024-10-12T14:08:09.981Z"}
{"level":"error","message":"/wallets","stack":[{}],"timestamp":"2024-10-12T14:08:11.285Z"}
{"level":"error","message":"/wallets","stack":[{}],"timestamp":"2024-10-12T14:08:12.488Z"}
{"level":"error","message":"/wallets","stack":[{}],"timestamp":"2024-10-12T14:08:13.691Z"}
{"level":"error","message":"/wallets:id","stack":[{}],"timestamp":"2024-10-12T14:08:14.816Z"}
{"level":"error","message":"/wallets/top-tokens/","stack":[{}],"timestamp":"2024-10-12T14:08:16.027Z"}
{"level":"error","message":"/wallets/top-tokens/","stack":[{}],"timestamp":"2024-10-12T14:08:17.234Z"}
{"level":"error","message":"/wallets","stack":[{}],"timestamp":"2024-10-12T14:08:18.535Z"}
{"level":"error","message":"/wallets","stack":[{}],"timestamp":"2024-10-12T14:08:19.750Z"}
{"level":"error","message":"/wallets","stack":[{}],"timestamp":"2024-10-12T14:08:20.965Z"}
{"level":"error","message":"/wallets","stack":[{}],"timestamp":"2024-10-12T14:08:22.169Z"}
{"level":"error","message":"/wallets/top-tokens/","stack":[{}],"timestamp":"2024-10-12T14:08:23.301Z"}
{"level":"error","message":"/wallets:id","stack":[{}],"timestamp":"2024-10-12T14:08:24.511Z"}
{"level":"error","message":"/wallets/top-tokens/","stack":[{}],"timestamp":"2024-10-12T14:08:25.734Z"}
{"level":"error","message":"/wallets","stack":[{}],"timestamp":"2024-10-12T14:08:27.027Z"}
{"level":"error","message":"/wallets/top-tokens/","stack":[{}],"timestamp":"2024-10-12T14:08:28.158Z"}
{"level":"error","message":"/wallets/top-tokens/","stack":[{}],"timestamp":"2024-10-12T14:08:29.362Z"}
{"level":"error","message":"/wallets:id","stack":[{}],"timestamp":"2024-10-12T14:08:30.576Z"}
{"level":"error","message":"/wallets","stack":[{}],"timestamp":"2024-10-12T14:08:31.869Z"}
{"level":"error","message":"/wallets","stack":[{}],"timestamp":"2024-10-12T14:09:14.124Z"}
{"level":"error","message":"/wallets/top-tokens/","stack":[{}],"timestamp":"2024-10-12T14:09:15.213Z"}
{"level":"error","message":"/wallets:id","stack":[{}],"timestamp":"2024-10-12T14:09:16.416Z"}
{"level":"error","message":"/wallets","stack":[{}],"timestamp":"2024-10-12T14:09:17.707Z"}
{"level":"error","message":"/wallets/top-tokens/","stack":[{}],"timestamp":"2024-10-12T14:09:18.828Z"}
{"level":"error","message":"/wallets:id","stack":[{}],"timestamp":"2024-10-12T14:09:20.044Z"}
{"level":"error","message":"/wallets:id","stack":[{}],"timestamp":"2024-10-12T14:09:21.264Z"}
{"level":"error","message":"/wallets:id","stack":[{}],"timestamp":"2024-10-12T14:09:22.459Z"}
{"level":"error","message":"/wallets:id : this.logger.info is not a function ","stack":[null],"timestamp":"2024-10-12T14:10:55.176Z"}
{"level":"error","message":"/wallets/top-tokens/ : this.logger.info is not a function ","stack":[null],"timestamp":"2024-10-12T14:10:56.377Z"}
{"level":"error","message":"/wallets : this.logger.info is not a function ","stack":[null],"timestamp":"2024-10-12T14:10:57.714Z"}
{"level":"error","message":"/wallets/top-tokens/ : this.logger.info is not a function ","stack":[null],"timestamp":"2024-10-12T14:10:58.808Z"}
{"level":"error","message":"/wallets : this.logger.info is not a function ","stack":[null],"timestamp":"2024-10-12T14:11:00.116Z"}
{"level":"error","message":"/wallets/top-tokens/ : this.logger.info is not a function ","stack":[null],"timestamp":"2024-10-12T14:11:01.240Z"}
{"level":"error","message":"/wallets/top-tokens/ : this.logger.info is not a function ","stack":[null],"timestamp":"2024-10-12T14:12:41.067Z"}
{"level":"error","message":"/wallets : this.logger.info is not a function ","stack":[null],"timestamp":"2024-10-12T14:12:42.381Z"}
{"level":"error","message":"/wallets/top-tokens/ : this.logger.info is not a function ","stack":[null],"timestamp":"2024-10-12T14:12:43.466Z"}
{"level":"error","message":"/wallets : this.logger.info is not a function ","stack":[null],"timestamp":"2024-10-12T14:12:44.779Z"}
{"level":"error","message":"/wallets : this.logger.info is not a function ","stack":[null],"timestamp":"2024-10-12T14:12:45.984Z"}
{"level":"error","message":"/wallets:id : this.logger.info is not a function ","stack":[null],"timestamp":"2024-10-12T14:12:47.110Z"}
{"level":"error","message":"/wallets:id : this.logger.info is not a function ","stack":[null],"timestamp":"2024-10-12T14:12:48.324Z"}
{"level":"error","message":"/wallets:id : this.logger.info is not a function ","stack":[null],"timestamp":"2024-10-12T14:12:49.519Z"}
{"level":"error","message":"/wallets:id : this.logger.info is not a function ","stack":[null],"timestamp":"2024-10-12T14:12:50.731Z"}
{"level":"error","message":"/wallets : this.logger.info is not a function ","stack":[null],"timestamp":"2024-10-12T14:12:52.031Z"}
{"level":"error","message":"/wallets/top-tokens/ : this.logger.info is not a function ","stack":[null],"timestamp":"2024-10-12T14:12:53.152Z"}
{"level":"error","message":"/wallets : this.logger.info is not a function ","stack":[null],"timestamp":"2024-10-12T14:12:54.461Z"}
{"level":"error","message":"/wallets : this.logger.info is not a function ","stack":[null],"timestamp":"2024-10-12T14:12:55.658Z"}
{"level":"error","message":"/wallets:id : this.logger.info is not a function ","stack":[null],"timestamp":"2024-10-12T14:12:56.780Z"}
{"level":"error","message":"/wallets:id : this.logger.info is not a function ","stack":[null],"timestamp":"2024-10-12T14:12:57.991Z"}
{"level":"error","message":"/wallets : this.logger.info is not a function ","stack":[null],"timestamp":"2024-10-12T14:12:59.336Z"}
{"level":"error","message":"/wallets : this.logger.info is not a function ","stack":[null],"timestamp":"2024-10-12T14:13:00.509Z"}
{"level":"error","message":"/wallets/top-tokens/ : this.logger.info is not a function ","stack":[null],"timestamp":"2024-10-12T14:13:01.631Z"}
{"level":"error","message":"/wallets/top-tokens/ : this.logger.info is not a function ","stack":[null],"timestamp":"2024-10-12T14:13:02.838Z"}
{"level":"error","message":"/wallets:id : this.logger.info is not a function ","stack":[null],"timestamp":"2024-10-12T14:13:04.049Z"}
{"level":"error","message":"/wallets/top-tokens/ : this.logger.info is not a function ","stack":[null],"timestamp":"2024-10-12T14:13:05.255Z"}
{"level":"error","message":"/wallets : this.logger.info is not a function ","stack":[null],"timestamp":"2024-10-12T14:13:06.560Z"}
{"level":"error","message":"/wallets : this.logger.info is not a function ","stack":[null],"timestamp":"2024-10-12T14:13:07.765Z"}
{"level":"error","message":"/wallets : this.logger.info is not a function ","stack":[null],"timestamp":"2024-10-12T14:13:08.976Z"}
{"level":"error","message":"/wallets : this.logger.info is not a function ","stack":[null],"timestamp":"2024-10-12T14:13:10.172Z"}
{"level":"error","message":"/wallets : this.logger.info is not a function ","stack":[null],"timestamp":"2024-10-12T14:13:11.397Z"}
{"level":"error","message":"/wallets:id : this.logger.info is not a function ","stack":[null],"timestamp":"2024-10-12T14:13:12.512Z"}
{"level":"error","message":"/wallets : this.logger.info is not a function ","stack":[null],"timestamp":"2024-10-12T14:13:13.824Z"}
{"level":"error","message":"/wallets/top-tokens/ : this.logger.info is not a function ","stack":[null],"timestamp":"2024-10-12T14:13:14.933Z"}
{"level":"error","message":"/wallets/top-tokens/ : this.logger.info is not a function ","stack":[null],"timestamp":"2024-10-12T14:13:16.144Z"}
{"level":"error","message":"/wallets : this.logger.info is not a function ","stack":[null],"timestamp":"2024-10-12T14:13:17.448Z"}
{"level":"error","message":"/wallets : this.logger.info is not a function ","stack":[null],"timestamp":"2024-10-12T14:13:18.681Z"}
{"level":"error","message":"/wallets:id : this.logger.info is not a function ","stack":[null],"timestamp":"2024-10-12T14:13:19.778Z"}
{"level":"error","message":"/wallets/top-tokens/ : this.logger.info is not a function ","stack":[null],"timestamp":"2024-10-12T14:13:20.990Z"}
{"level":"error","message":"/wallets/top-tokens/ : this.logger.info is not a function ","stack":[null],"timestamp":"2024-10-12T14:13:22.209Z"}
{"level":"error","message":"/wallets/top-tokens/ : this.logger.info is not a function ","stack":[null],"timestamp":"2024-10-12T14:13:23.415Z"}
{"level":"error","message":"/wallets/top-tokens/ : this.logger.info is not a function ","stack":[null],"timestamp":"2024-10-12T14:13:24.627Z"}
{"level":"error","message":"/wallets:id : this.logger.info is not a function ","stack":[null],"timestamp":"2024-10-12T14:13:25.834Z"}
{"level":"error","message":"/wallets/top-tokens/ : this.logger.info is not a function ","stack":[null],"timestamp":"2024-10-12T14:13:27.050Z"}
{"level":"error","message":"/wallets/top-tokens/ : this.logger.info is not a function ","stack":[null],"timestamp":"2024-10-12T14:13:28.263Z"}
{"error":{},"level":"error","message":"this.logger.info is not a function","stack":["TypeError: this.logger.info is not a function\n    at <anonymous> (C:\\Users\\sadug\\WebstormProjects\\nest-microservices-rabbitmq\\src\\services\\caller\\caller.service.ts:31:24)\n    at process.processTicksAndRejections (node:internal/process/task_queues:95:5)"],"timestamp":"2024-10-12T14:13:31.723Z"}
{"error":{},"level":"error","message":"this.logger.info is not a function","stack":["TypeError: this.logger.info is not a function\n    at <anonymous> (C:\\Users\\sadug\\WebstormProjects\\nest-microservices-rabbitmq\\src\\services\\caller\\caller.service.ts:31:24)\n    at process.processTicksAndRejections (node:internal/process/task_queues:95:5)"],"timestamp":"2024-10-12T14:13:32.809Z"}
{"error":{},"level":"error","message":"this.logger.info is not a function","stack":["TypeError: this.logger.info is not a function\n    at <anonymous> (C:\\Users\\sadug\\WebstormProjects\\nest-microservices-rabbitmq\\src\\services\\caller\\caller.service.ts:31:24)\n    at process.processTicksAndRejections (node:internal/process/task_queues:95:5)"],"timestamp":"2024-10-12T14:13:34.025Z"}
{"error":{},"level":"error","message":"this.logger.info is not a function","stack":["TypeError: this.logger.info is not a function\n    at <anonymous> (C:\\Users\\sadug\\WebstormProjects\\nest-microservices-rabbitmq\\src\\services\\caller\\caller.service.ts:31:24)\n    at process.processTicksAndRejections (node:internal/process/task_queues:95:5)"],"timestamp":"2024-10-12T14:13:35.216Z"}
{"error":{},"level":"error","message":"this.logger.info is not a function","stack":["TypeError: this.logger.info is not a function\n    at <anonymous> (C:\\Users\\sadug\\WebstormProjects\\nest-microservices-rabbitmq\\src\\services\\caller\\caller.service.ts:31:24)\n    at process.processTicksAndRejections (node:internal/process/task_queues:95:5)"],"timestamp":"2024-10-12T14:13:36.425Z"}
{"error":{},"level":"error","message":"this.logger.info is not a function","stack":["TypeError: this.logger.info is not a function\n    at <anonymous> (C:\\Users\\sadug\\WebstormProjects\\nest-microservices-rabbitmq\\src\\services\\caller\\caller.service.ts:31:24)\n    at process.processTicksAndRejections (node:internal/process/task_queues:95:5)"],"timestamp":"2024-10-12T14:13:37.660Z"}
{"error":{},"level":"error","message":"this.logger.info is not a function","stack":["TypeError: this.logger.info is not a function\n    at <anonymous> (C:\\Users\\sadug\\WebstormProjects\\nest-microservices-rabbitmq\\src\\services\\caller\\caller.service.ts:31:24)\n    at process.processTicksAndRejections (node:internal/process/task_queues:95:5)"],"timestamp":"2024-10-12T14:13:38.963Z"}
{"error":{},"level":"error","message":"this.logger.info is not a function","stack":["TypeError: this.logger.info is not a function\n    at <anonymous> (C:\\Users\\sadug\\WebstormProjects\\nest-microservices-rabbitmq\\src\\services\\caller\\caller.service.ts:31:24)\n    at process.processTicksAndRejections (node:internal/process/task_queues:95:5)"],"timestamp":"2024-10-12T14:13:40.068Z"}
{"error":{},"level":"error","message":"this.logger.info is not a function","stack":["TypeError: this.logger.info is not a function\n    at <anonymous> (C:\\Users\\sadug\\WebstormProjects\\nest-microservices-rabbitmq\\src\\services\\caller\\caller.service.ts:31:24)\n    at process.processTicksAndRejections (node:internal/process/task_queues:95:5)"],"timestamp":"2024-10-12T14:13:41.337Z"}
{"error":{},"level":"error","message":"this.logger.info is not a function","stack":["TypeError: this.logger.info is not a function\n    at <anonymous> (C:\\Users\\sadug\\WebstormProjects\\nest-microservices-rabbitmq\\src\\services\\caller\\caller.service.ts:31:24)\n    at process.processTicksAndRejections (node:internal/process/task_queues:95:5)"],"timestamp":"2024-10-12T14:13:42.463Z"}
{"error":{},"level":"error","message":"this.logger.info is not a function","stack":["TypeError: this.logger.info is not a function\n    at <anonymous> (C:\\Users\\sadug\\WebstormProjects\\nest-microservices-rabbitmq\\src\\services\\caller\\caller.service.ts:31:24)\n    at process.processTicksAndRejections (node:internal/process/task_queues:95:5)"],"timestamp":"2024-10-12T14:13:43.669Z"}
{"error":{},"level":"error","message":"this.logger.info is not a function","stack":["TypeError: this.logger.info is not a function\n    at <anonymous> (C:\\Users\\sadug\\WebstormProjects\\nest-microservices-rabbitmq\\src\\services\\caller\\caller.service.ts:31:24)\n    at process.processTicksAndRejections (node:internal/process/task_queues:95:5)"],"timestamp":"2024-10-12T14:13:44.896Z"}
{"error":{},"level":"error","message":"this.logger.info is not a function","stack":["TypeError: this.logger.info is not a function\n    at <anonymous> (C:\\Users\\sadug\\WebstormProjects\\nest-microservices-rabbitmq\\src\\services\\caller\\caller.service.ts:31:24)\n    at process.processTicksAndRejections (node:internal/process/task_queues:95:5)"],"timestamp":"2024-10-12T14:13:46.106Z"}
{"error":{},"level":"error","message":"this.logger.info is not a function","stack":["TypeError: this.logger.info is not a function\n    at <anonymous> (C:\\Users\\sadug\\WebstormProjects\\nest-microservices-rabbitmq\\src\\services\\caller\\caller.service.ts:31:24)\n    at process.processTicksAndRejections (node:internal/process/task_queues:95:5)"],"timestamp":"2024-10-12T14:13:47.311Z"}
{"error":{},"level":"error","message":"this.logger.info is not a function","stack":["TypeError: this.logger.info is not a function\n    at <anonymous> (C:\\Users\\sadug\\WebstormProjects\\nest-microservices-rabbitmq\\src\\services\\caller\\caller.service.ts:31:24)\n    at process.processTicksAndRejections (node:internal/process/task_queues:95:5)"],"timestamp":"2024-10-12T14:13:48.525Z"}
{"error":{},"level":"error","message":"this.logger.info is not a function","stack":["TypeError: this.logger.info is not a function\n    at <anonymous> (C:\\Users\\sadug\\WebstormProjects\\nest-microservices-rabbitmq\\src\\services\\caller\\caller.service.ts:31:24)\n    at process.processTicksAndRejections (node:internal/process/task_queues:95:5)"],"timestamp":"2024-10-12T14:13:49.876Z"}
{"error":{},"level":"error","message":"this.logger.info is not a function","stack":["TypeError: this.logger.info is not a function\n    at <anonymous> (C:\\Users\\sadug\\WebstormProjects\\nest-microservices-rabbitmq\\src\\services\\caller\\caller.service.ts:31:24)\n    at process.processTicksAndRejections (node:internal/process/task_queues:95:5)"],"timestamp":"2024-10-12T14:13:50.934Z"}
{"error":{},"level":"error","message":"this.logger.info is not a function","stack":["TypeError: this.logger.info is not a function\n    at <anonymous> (C:\\Users\\sadug\\WebstormProjects\\nest-microservices-rabbitmq\\src\\services\\caller\\caller.service.ts:31:24)\n    at process.processTicksAndRejections (node:internal/process/task_queues:95:5)"],"timestamp":"2024-10-12T14:13:52.153Z"}
{"error":{},"level":"error","message":"this.logger.info is not a function","stack":["TypeError: this.logger.info is not a function\n    at <anonymous> (C:\\Users\\sadug\\WebstormProjects\\nest-microservices-rabbitmq\\src\\services\\caller\\caller.service.ts:31:24)\n    at process.processTicksAndRejections (node:internal/process/task_queues:95:5)"],"timestamp":"2024-10-12T14:13:53.359Z"}
{"error":{},"level":"error","message":"this.logger.info is not a function","stack":["TypeError: this.logger.info is not a function\n    at <anonymous> (C:\\Users\\sadug\\WebstormProjects\\nest-microservices-rabbitmq\\src\\services\\caller\\caller.service.ts:31:24)\n    at process.processTicksAndRejections (node:internal/process/task_queues:95:5)"],"timestamp":"2024-10-12T14:13:54.678Z"}
{"error":{},"level":"error","message":"this.logger.info is not a function","stack":["TypeError: this.logger.info is not a function\n    at <anonymous> (C:\\Users\\sadug\\WebstormProjects\\nest-microservices-rabbitmq\\src\\services\\caller\\caller.service.ts:31:24)\n    at process.processTicksAndRejections (node:internal/process/task_queues:95:5)"],"timestamp":"2024-10-12T14:13:55.876Z"}
{"error":{},"level":"error","message":"this.logger.info is not a function","stack":["TypeError: this.logger.info is not a function\n    at <anonymous> (C:\\Users\\sadug\\WebstormProjects\\nest-microservices-rabbitmq\\src\\services\\caller\\caller.service.ts:31:24)\n    at process.processTicksAndRejections (node:internal/process/task_queues:95:5)"],"timestamp":"2024-10-12T14:13:57.090Z"}
{"error":{},"level":"error","message":"this.logger.info is not a function","stack":["TypeError: this.logger.info is not a function\n    at <anonymous> (C:\\Users\\sadug\\WebstormProjects\\nest-microservices-rabbitmq\\src\\services\\caller\\caller.service.ts:31:24)\n    at process.processTicksAndRejections (node:internal/process/task_queues:95:5)"],"timestamp":"2024-10-12T14:13:58.213Z"}
{"error":{},"level":"error","message":"this.logger.info is not a function","stack":["TypeError: this.logger.info is not a function\n    at <anonymous> (C:\\Users\\sadug\\WebstormProjects\\nest-microservices-rabbitmq\\src\\services\\caller\\caller.service.ts:31:24)\n    at process.processTicksAndRejections (node:internal/process/task_queues:95:5)"],"timestamp":"2024-10-12T14:13:59.525Z"}
{"error":{},"level":"error","message":"this.logger.info is not a function","stack":["TypeError: this.logger.info is not a function\n    at <anonymous> (C:\\Users\\sadug\\WebstormProjects\\nest-microservices-rabbitmq\\src\\services\\caller\\caller.service.ts:31:24)\n    at process.processTicksAndRejections (node:internal/process/task_queues:95:5)"],"timestamp":"2024-10-12T14:14:00.748Z"}
{"error":{},"level":"error","message":"this.logger.info is not a function","stack":["TypeError: this.logger.info is not a function\n    at <anonymous> (C:\\Users\\sadug\\WebstormProjects\\nest-microservices-rabbitmq\\src\\services\\caller\\caller.service.ts:31:24)\n    at process.processTicksAndRejections (node:internal/process/task_queues:95:5)"],"timestamp":"2024-10-12T14:14:01.851Z"}
{"error":{},"level":"error","message":"this.logger.info is not a function","stack":["TypeError: this.logger.info is not a function\n    at <anonymous> (C:\\Users\\sadug\\WebstormProjects\\nest-microservices-rabbitmq\\src\\services\\caller\\caller.service.ts:31:24)\n    at process.processTicksAndRejections (node:internal/process/task_queues:95:5)"],"timestamp":"2024-10-12T14:14:03.045Z"}
{"error":{},"level":"error","message":"this.logger.info is not a function","stack":["TypeError: this.logger.info is not a function\n    at <anonymous> (C:\\Users\\sadug\\WebstormProjects\\nest-microservices-rabbitmq\\src\\services\\caller\\caller.service.ts:31:24)\n    at process.processTicksAndRejections (node:internal/process/task_queues:95:5)"],"timestamp":"2024-10-12T14:14:04.344Z"}
{"error":{},"level":"error","message":"this.logger.info is not a function","stack":["TypeError: this.logger.info is not a function\n    at <anonymous> (C:\\Users\\sadug\\WebstormProjects\\nest-microservices-rabbitmq\\src\\services\\caller\\caller.service.ts:31:24)\n    at process.processTicksAndRejections (node:internal/process/task_queues:95:5)"],"timestamp":"2024-10-12T14:14:05.468Z"}
{"error":{},"level":"error","message":"this.logger.info is not a function","stack":["TypeError: this.logger.info is not a function\n    at <anonymous> (C:\\Users\\sadug\\WebstormProjects\\nest-microservices-rabbitmq\\src\\services\\caller\\caller.service.ts:31:24)\n    at process.processTicksAndRejections (node:internal/process/task_queues:95:5)"],"timestamp":"2024-10-12T14:14:06.671Z"}
{"error":{},"level":"error","message":"this.logger.info is not a function","stack":["TypeError: this.logger.info is not a function\n    at <anonymous> (C:\\Users\\sadug\\WebstormProjects\\nest-microservices-rabbitmq\\src\\services\\caller\\caller.service.ts:31:24)\n    at process.processTicksAndRejections (node:internal/process/task_queues:95:5)"],"timestamp":"2024-10-12T14:14:07.974Z"}
{"error":{},"level":"error","message":"this.logger.info is not a function","stack":["TypeError: this.logger.info is not a function\n    at <anonymous> (C:\\Users\\sadug\\WebstormProjects\\nest-microservices-rabbitmq\\src\\services\\caller\\caller.service.ts:31:24)\n    at process.processTicksAndRejections (node:internal/process/task_queues:95:5)"],"timestamp":"2024-10-12T14:14:11.147Z"}
{"error":{},"level":"error","message":"this.logger.info is not a function","stack":["TypeError: this.logger.info is not a function\n    at <anonymous> (C:\\Users\\sadug\\WebstormProjects\\nest-microservices-rabbitmq\\src\\services\\caller\\caller.service.ts:31:24)\n    at process.processTicksAndRejections (node:internal/process/task_queues:95:5)"],"timestamp":"2024-10-12T14:14:12.334Z"}
{"error":{},"level":"error","message":"this.logger.info is not a function","stack":["TypeError: this.logger.info is not a function\n    at <anonymous> (C:\\Users\\sadug\\WebstormProjects\\nest-microservices-rabbitmq\\src\\services\\caller\\caller.service.ts:31:24)\n    at process.processTicksAndRejections (node:internal/process/task_queues:95:5)"],"timestamp":"2024-10-12T14:14:13.557Z"}
{"error":{},"level":"error","message":"this.logger.info is not a function","stack":["TypeError: this.logger.info is not a function\n    at <anonymous> (C:\\Users\\sadug\\WebstormProjects\\nest-microservices-rabbitmq\\src\\services\\caller\\caller.service.ts:31:24)\n    at process.processTicksAndRejections (node:internal/process/task_queues:95:5)"],"timestamp":"2024-10-12T14:14:14.883Z"}
{"error":{},"level":"error","message":"this.logger.info is not a function","stack":["TypeError: this.logger.info is not a function\n    at <anonymous> (C:\\Users\\sadug\\WebstormProjects\\nest-microservices-rabbitmq\\src\\services\\caller\\caller.service.ts:31:24)\n    at process.processTicksAndRejections (node:internal/process/task_queues:95:5)"],"timestamp":"2024-10-12T14:14:15.966Z"}
{"error":{},"level":"error","message":"this.logger.info is not a function","stack":["TypeError: this.logger.info is not a function\n    at <anonymous> (C:\\Users\\sadug\\WebstormProjects\\nest-microservices-rabbitmq\\src\\services\\caller\\caller.service.ts:31:24)\n    at process.processTicksAndRejections (node:internal/process/task_queues:95:5)"],"timestamp":"2024-10-12T14:14:17.167Z"}
{"error":{},"level":"error","message":"this.logger.info is not a function","stack":["TypeError: this.logger.info is not a function\n    at <anonymous> (C:\\Users\\sadug\\WebstormProjects\\nest-microservices-rabbitmq\\src\\services\\caller\\caller.service.ts:31:24)\n    at process.processTicksAndRejections (node:internal/process/task_queues:95:5)"],"timestamp":"2024-10-12T14:14:18.378Z"}
{"error":{},"level":"error","message":"this.logger.info is not a function","stack":["TypeError: this.logger.info is not a function\n    at <anonymous> (C:\\Users\\sadug\\WebstormProjects\\nest-microservices-rabbitmq\\src\\services\\caller\\caller.service.ts:31:24)\n    at process.processTicksAndRejections (node:internal/process/task_queues:95:5)"],"timestamp":"2024-10-12T14:14:19.588Z"}
{"error":{},"level":"error","message":"this.logger.info is not a function","stack":["TypeError: this.logger.info is not a function\n    at <anonymous> (C:\\Users\\sadug\\WebstormProjects\\nest-microservices-rabbitmq\\src\\services\\caller\\caller.service.ts:31:24)\n    at process.processTicksAndRejections (node:internal/process/task_queues:95:5)"],"timestamp":"2024-10-12T14:14:20.795Z"}
{"error":{},"level":"error","message":"this.logger.info is not a function","stack":["TypeError: this.logger.info is not a function\n    at <anonymous> (C:\\Users\\sadug\\WebstormProjects\\nest-microservices-rabbitmq\\src\\services\\caller\\caller.service.ts:31:24)\n    at process.processTicksAndRejections (node:internal/process/task_queues:95:5)"],"timestamp":"2024-10-12T14:14:22.004Z"}
{"error":{},"level":"error","message":"this.logger.info is not a function","stack":["TypeError: this.logger.info is not a function\n    at <anonymous> (C:\\Users\\sadug\\WebstormProjects\\nest-microservices-rabbitmq\\src\\services\\caller\\caller.service.ts:31:24)\n    at process.processTicksAndRejections (node:internal/process/task_queues:95:5)"],"timestamp":"2024-10-12T14:14:24.980Z"}
{"error":{},"level":"error","message":"this.logger.info is not a function","stack":["TypeError: this.logger.info is not a function\n    at <anonymous> (C:\\Users\\sadug\\WebstormProjects\\nest-microservices-rabbitmq\\src\\services\\caller\\caller.service.ts:31:24)\n    at process.processTicksAndRejections (node:internal/process/task_queues:95:5)"],"timestamp":"2024-10-12T14:14:26.069Z"}
{"error":{},"level":"error","message":"this.logger.info is not a function","stack":["TypeError: this.logger.info is not a function\n    at <anonymous> (C:\\Users\\sadug\\WebstormProjects\\nest-microservices-rabbitmq\\src\\services\\caller\\caller.service.ts:31:24)\n    at process.processTicksAndRejections (node:internal/process/task_queues:95:5)"],"timestamp":"2024-10-12T14:14:27.276Z"}
{"error":{},"level":"error","message":"this.logger.info is not a function","stack":["TypeError: this.logger.info is not a function\n    at <anonymous> (C:\\Users\\sadug\\WebstormProjects\\nest-microservices-rabbitmq\\src\\services\\caller\\caller.service.ts:31:24)\n    at process.processTicksAndRejections (node:internal/process/task_queues:95:5)"],"timestamp":"2024-10-12T14:14:28.490Z"}
{"error":{},"level":"error","message":"this.logger.info is not a function","stack":["TypeError: this.logger.info is not a function\n    at <anonymous> (C:\\Users\\sadug\\WebstormProjects\\nest-microservices-rabbitmq\\src\\services\\caller\\caller.service.ts:31:24)\n    at process.processTicksAndRejections (node:internal/process/task_queues:95:5)"],"timestamp":"2024-10-12T14:14:29.801Z"}
{"error":{},"level":"error","message":"this.logger.info is not a function","stack":["TypeError: this.logger.info is not a function\n    at <anonymous> (C:\\Users\\sadug\\WebstormProjects\\nest-microservices-rabbitmq\\src\\services\\caller\\caller.service.ts:31:24)\n    at process.processTicksAndRejections (node:internal/process/task_queues:95:5)"],"timestamp":"2024-10-12T14:14:30.902Z"}
{"error":{},"level":"error","message":"this.logger.info is not a function","stack":["TypeError: this.logger.info is not a function\n    at <anonymous> (C:\\Users\\sadug\\WebstormProjects\\nest-microservices-rabbitmq\\src\\services\\caller\\caller.service.ts:31:24)\n    at process.processTicksAndRejections (node:internal/process/task_queues:95:5)"],"timestamp":"2024-10-12T14:14:32.120Z"}
{"error":{},"level":"error","message":"this.logger.info is not a function","stack":["TypeError: this.logger.info is not a function\n    at <anonymous> (C:\\Users\\sadug\\WebstormProjects\\nest-microservices-rabbitmq\\src\\services\\caller\\caller.service.ts:31:24)\n    at process.processTicksAndRejections (node:internal/process/task_queues:95:5)"],"timestamp":"2024-10-12T14:14:33.334Z"}
{"error":{},"level":"error","message":"this.logger.info is not a function","stack":["TypeError: this.logger.info is not a function\n    at <anonymous> (C:\\Users\\sadug\\WebstormProjects\\nest-microservices-rabbitmq\\src\\services\\caller\\caller.service.ts:31:24)\n    at process.processTicksAndRejections (node:internal/process/task_queues:95:5)"],"timestamp":"2024-10-12T14:14:34.632Z"}
{"error":{},"level":"error","message":"this.logger.info is not a function","stack":["TypeError: this.logger.info is not a function\n    at <anonymous> (C:\\Users\\sadug\\WebstormProjects\\nest-microservices-rabbitmq\\src\\services\\caller\\caller.service.ts:31:24)\n    at process.processTicksAndRejections (node:internal/process/task_queues:95:5)"],"timestamp":"2024-10-12T14:14:37.794Z"}
{"error":{},"level":"error","message":"this.logger.info is not a function","stack":["TypeError: this.logger.info is not a function\n    at <anonymous> (C:\\Users\\sadug\\WebstormProjects\\nest-microservices-rabbitmq\\src\\services\\caller\\caller.service.ts:31:24)\n    at process.processTicksAndRejections (node:internal/process/task_queues:95:5)"],"timestamp":"2024-10-12T14:14:38.880Z"}
{"error":{},"level":"error","message":"this.logger.info is not a function","stack":["TypeError: this.logger.info is not a function\n    at <anonymous> (C:\\Users\\sadug\\WebstormProjects\\nest-microservices-rabbitmq\\src\\services\\caller\\caller.service.ts:31:24)\n    at process.processTicksAndRejections (node:internal/process/task_queues:95:5)"],"timestamp":"2024-10-12T14:14:40.191Z"}
{"error":{},"level":"error","message":"this.logger.info is not a function","stack":["TypeError: this.logger.info is not a function\n    at <anonymous> (C:\\Users\\sadug\\WebstormProjects\\nest-microservices-rabbitmq\\src\\services\\caller\\caller.service.ts:31:24)\n    at process.processTicksAndRejections (node:internal/process/task_queues:95:5)"],"timestamp":"2024-10-12T14:14:41.309Z"}
{"error":{},"level":"error","message":"this.logger.info is not a function","stack":["TypeError: this.logger.info is not a function\n    at <anonymous> (C:\\Users\\sadug\\WebstormProjects\\nest-microservices-rabbitmq\\src\\services\\caller\\caller.service.ts:31:24)\n    at process.processTicksAndRejections (node:internal/process/task_queues:95:5)"],"timestamp":"2024-10-12T14:14:42.526Z"}
{"error":{},"level":"error","message":"this.logger.info is not a function","stack":["TypeError: this.logger.info is not a function\n    at <anonymous> (C:\\Users\\sadug\\WebstormProjects\\nest-microservices-rabbitmq\\src\\services\\caller\\caller.service.ts:31:24)\n    at process.processTicksAndRejections (node:internal/process/task_queues:95:5)"],"timestamp":"2024-10-12T14:14:43.807Z"}
{"level":"error","message":"/wallets:id : this.logger.info is not a function ","stack":[null],"timestamp":"2024-10-12T14:15:34.716Z"}
{"level":"error","message":"/wallets : this.logger.info is not a function ","stack":[null],"timestamp":"2024-10-12T14:15:36.040Z"}
{"level":"error","message":"/wallets/top-tokens/ : this.logger.info is not a function ","stack":[null],"timestamp":"2024-10-12T14:15:37.135Z"}
{"level":"error","message":"/wallets : this.logger.info is not a function ","stack":[null],"timestamp":"2024-10-12T14:15:38.438Z"}
